[32mSystem : Pratos is starting, please wait.

If you have troubles with Pratos, any bug, feel free to contact the owner or its father, zCrin.[39m
[32m
System : Connected to Pratos' database.[39m
[34m
System : HTTPS server started on port : 443[39m
[34m
System : Socket server is starting.[39m
[34m
System : HTTP server started on port : 3003[39m
[35m
Weather Plugin : Connected to Pratos' databases.[39m
[31m
System : There was an error while redirecting to hostname : www.vip.com.[39m
[33m
Error (normal): init connection failed allowing new connections[39m
[31m
System : There was an error while redirecting to hostname : dict.baidu.com.[39m
[31m
System : There was an error while redirecting to hostname : sberbank-ast.ru.[39m
[31m
System : There was an error while redirecting to hostname : sberbank-ast.ru.[39m
[31m
System : There was an error while redirecting to hostname : sberbank-ast.ru.[39m
[31m
System : There was an error while redirecting to hostname : sberbank-ast.ru.[39m
[31m
System : There was an error while redirecting to hostname : sberbank-ast.ru.[39m
[31m
System : There was an error while redirecting to hostname : 163.172.72.31.[39m
[31m
System : There was an error while redirecting to hostname : m.search.yahoo.com.[39m
[31m
System : There was an error while redirecting to hostname : check2.zennolab.com.[39m
[31m
System : There was an error while redirecting to hostname : m.search.yahoo.com.[39m
[31m
System : There was an error while redirecting to hostname : static.doubleclick.net.[39m
[31m
System : There was an error while redirecting to hostname : m.search.yahoo.com.[39m
[31m
System : There was an error while redirecting to hostname : check2.zennolab.com.[39m
[31m
System : There was an error while redirecting to hostname : work.a-poster.info.[39m
[31m
System : There was an error while redirecting to hostname : m.search.yahoo.com.[39m
[31m
System : There was an error while redirecting to hostname : m.search.yahoo.com.[39m
[31m
System : There was an error while redirecting to hostname : www.vip.com.[39m
[31m
System : There was an error while redirecting to hostname : m.search.yahoo.com.[39m
[31m
System : There was an error while redirecting to hostname : m.search.yahoo.com.[39m
[31m
System : There was an error while redirecting to hostname : .[39m
[31m
System : There was an error while redirecting to hostname : www.msftncsi.com.[39m
[31m
System : There was an error while redirecting to hostname : m.search.yahoo.com.[39m
[31m
System : There was an error while redirecting to hostname : www.bing.com.[39m
[31m
System : There was an error while redirecting to hostname : static.doubleclick.net.[39m
[31m
System : There was an error while redirecting to hostname : m.search.yahoo.com.[39m
[31m
System : There was an error while redirecting to hostname : statistics.helllab.org.[39m
[31m
System : There was an error while redirecting to hostname : ya.ru.[39m
[31m
System : There was an error while redirecting to hostname : www.vip.com.[39m
[31m
System : There was an error while redirecting to hostname : www.msftncsi.com.[39m
[31m
System : There was an error while redirecting to hostname : m.search.yahoo.com.[39m
[31m
System : There was an error while redirecting to hostname : check2.zennolab.com.[39m
[31m
System : There was an error while redirecting to hostname : m.search.yahoo.com.[39m
[31m
System : There was an error while redirecting to hostname : chek.zennolab.com.[39m
[31m
System : There was an error while redirecting to hostname : m.search.yahoo.com.[39m
[31m
System : There was an error while redirecting to hostname : static.doubleclick.net.[39m
[31m
System : There was an error while redirecting to hostname : m.search.yahoo.com.[39m
[31m
System : There was an error while redirecting to hostname : dict.baidu.com.[39m
[31m
System : There was an error while redirecting to hostname : m.search.yahoo.com.[39m
[31m
System : There was an error while redirecting to hostname : 82.239.21.245.[39m
[31m
System : There was an error while redirecting to hostname : www.vip.com.[39m
[31m
System : There was an error while redirecting to hostname : chek.zennolab.com.[39m
[31m
System : There was an error while redirecting to hostname : www.baidu.com.[39m
[31m
System : There was an error while redirecting to hostname : fb.ru.[39m
[31m
System : There was an error while redirecting to hostname : m.search.yahoo.com.[39m
[31m
System : There was an error while redirecting to hostname : www.vip.com.[39m
[31m
System : There was an error while redirecting to hostname : m.search.yahoo.com.[39m
[31m
System : There was an error while redirecting to hostname : m.search.yahoo.com.[39m
[31m
System : There was an error while redirecting to hostname : m.search.yahoo.com.[39m
[31m
System : There was an error while redirecting to hostname : 82.239.21.245.[39m
[31m
System : There was an error while redirecting to hostname : m.search.yahoo.com.[39m
[31m
System : There was an error while redirecting to hostname : chekfast.zennolab.com.[39m
[31m
System : There was an error while redirecting to hostname : m.search.yahoo.com.[39m
[31m
System : There was an error while redirecting to hostname : chekfast.zennolab.com.[39m
[31m
System : There was an error while redirecting to hostname : m.search.yahoo.com.[39m
[31m
System : There was an error while redirecting to hostname : awesomecrawler.bid.[39m
[31m
System : There was an error while redirecting to hostname : chekfast.zennolab.com.[39m
[31m
System : There was an error while redirecting to hostname : www.bing.com.[39m
[31m
System : There was an error while redirecting to hostname : m.search.yahoo.com.[39m
[31m
System : There was an error while redirecting to hostname : www.vip.com.[39m
[31m
System : There was an error while redirecting to hostname : 163.172.72.31.[39m
[31m
System : There was an error while redirecting to hostname : static.doubleclick.net.[39m
[31m
System : There was an error while redirecting to hostname : work.a-poster.info.[39m
[31m
System : There was an error while redirecting to hostname : m.search.yahoo.com.[39m
[31m
System : There was an error while redirecting to hostname : dict.baidu.com.[39m
[31m
System : There was an error while redirecting to hostname : m.search.yahoo.com.[39m
[31m
System : There was an error while redirecting to hostname : m.search.yahoo.com.[39m
[31m
System : There was an error while redirecting to hostname : m.search.yahoo.com.[39m
[31m
System : There was an error while redirecting to hostname : m.search.yahoo.com.[39m
[31m
System : There was an error while redirecting to hostname : m.search.yahoo.com.[39m
[31m
System : There was an error while redirecting to hostname : get.clpw.ru.[39m
[31m
System : There was an error while redirecting to hostname : statistics.helllab.org.[39m
[31m
System : There was an error while redirecting to hostname : www.vip.com.[39m
[31m
System : There was an error while redirecting to hostname : www.bing.com.[39m
[31m
System : There was an error while redirecting to hostname : i.instagram.com.[39m
[31m
System : There was an error while redirecting to hostname : i.instagram.com.[39m
[31m
System : There was an error while redirecting to hostname : m.search.yahoo.com.[39m
[31m
System : There was an error while redirecting to hostname : m.search.yahoo.com.[39m
[31m
System : There was an error while redirecting to hostname : m.search.yahoo.com.[39m
[31m
System : There was an error while redirecting to hostname : m.search.yahoo.com.[39m
[31m
System : There was an error while redirecting to hostname : static.doubleclick.net.[39m
[31m
System : There was an error while redirecting to hostname : m.search.yahoo.com.[39m
[31m
System : There was an error while redirecting to hostname : www.msftncsi.com.[39m
[31m
System : There was an error while redirecting to hostname : m.search.yahoo.com.[39m
[31m
System : There was an error while redirecting to hostname : m.search.yahoo.com.[39m
[31m
System : There was an error while redirecting to hostname : m.search.yahoo.com.[39m
[31m
System : There was an error while redirecting to hostname : www.vip.com.[39m
[31m
System : There was an error while redirecting to hostname : www.ip.cn.[39m
[31m
System : There was an error while redirecting to hostname : boxun.com.[39m
[31m
System : There was an error while redirecting to hostname : www.123cha.com.[39m
[31m
System : There was an error while redirecting to hostname : m.search.yahoo.com.[39m
[31m
System : There was an error while redirecting to hostname : m.search.yahoo.com.[39m
[31m
System : There was an error while redirecting to hostname : ad.linksynergy.com.[39m
[31m
System : There was an error while redirecting to hostname : m.search.yahoo.com.[39m
[31m
System : There was an error while redirecting to hostname : chek.zennolab.com.[39m
[31m
System : There was an error while redirecting to hostname : m.search.yahoo.com.[39m
[31m
System : There was an error while redirecting to hostname : m.search.yahoo.com.[39m
[31m
System : There was an error while redirecting to hostname : m.search.yahoo.com.[39m
[31m
System : There was an error while redirecting to hostname : m.search.yahoo.com.[39m
[31m
System : There was an error while redirecting to hostname : m.search.yahoo.com.[39m
[31m
System : There was an error while redirecting to hostname : chekfast.zennolab.com.[39m
[31m
System : There was an error while redirecting to hostname : chekfast.zennolab.com.[39m
[31m
System : There was an error while redirecting to hostname : m.search.yahoo.com.[39m
[31m
System : There was an error while redirecting to hostname : check2.zennolab.com.[39m
[31m
System : There was an error while redirecting to hostname : dict.baidu.com.[39m
[31m
System : There was an error while redirecting to hostname : m.search.yahoo.com.[39m
[31m
System : There was an error while redirecting to hostname : m.search.yahoo.com.[39m
[31m
System : There was an error while redirecting to hostname : www.vip.com.[39m
[31m
System : There was an error while redirecting to hostname : m.search.yahoo.com.[39m
[31m
System : There was an error while redirecting to hostname : sberbank-ast.ru.[39m
[31m
System : There was an error while redirecting to hostname : sberbank-ast.ru.[39m
[31m
System : There was an error while redirecting to hostname : sberbank-ast.ru.[39m
[31m
System : There was an error while redirecting to hostname : sberbank-ast.ru.[39m
[31m
System : There was an error while redirecting to hostname : sberbank-ast.ru.[39m
[31m
System : There was an error while redirecting to hostname : static.doubleclick.net.[39m
[31m
System : There was an error while redirecting to hostname : .[39m
[31m
System : There was an error while redirecting to hostname : m.search.yahoo.com.[39m
[31m
System : There was an error while redirecting to hostname : m.search.yahoo.com.[39m
[31m
System : There was an error while redirecting to hostname : www.bing.com.[39m
[31m
System : There was an error while redirecting to hostname : m.search.yahoo.com.[39m
[31m
System : There was an error while redirecting to hostname : m.search.yahoo.com.[39m
[31m
System : There was an error while redirecting to hostname : m.search.yahoo.com.[39m
[31m
System : There was an error while redirecting to hostname : chek.zennolab.com.[39m
[31m
System : There was an error while redirecting to hostname : check2.zennolab.com.[39m
[31m
System : There was an error while redirecting to hostname : www.vip.com.[39m
[31m
System : There was an error while redirecting to hostname : m.search.yahoo.com.[39m
[31m
System : There was an error while redirecting to hostname : chekfast.zennolab.com.[39m
[31m
System : There was an error while redirecting to hostname : chekfast.zennolab.com.[39m
[31m
System : There was an error while redirecting to hostname : m.search.yahoo.com.[39m
[31m
System : There was an error while redirecting to hostname : m.search.yahoo.com.[39m
[31m
System : There was an error while redirecting to hostname : m.search.yahoo.com.[39m
[31m
System : There was an error while redirecting to hostname : m.search.yahoo.com.[39m
[31m
System : There was an error while redirecting to hostname : m.search.yahoo.com.[39m
[31m
System : There was an error while redirecting to hostname : m.search.yahoo.com.[39m
[31m
System : There was an error while redirecting to hostname : m.search.yahoo.com.[39m
[31m
System : There was an error while redirecting to hostname : work.a-poster.info.[39m
[31m
System : There was an error while redirecting to hostname : work.a-poster.info.[39m
[31m
System : There was an error while redirecting to hostname : m.search.yahoo.com.[39m
[31m
System : There was an error while redirecting to hostname : static.doubleclick.net.[39m
[31m
System : There was an error while redirecting to hostname : www.vip.com.[39m
[31m
System : There was an error while redirecting to hostname : m.search.yahoo.com.[39m
[31m
System : There was an error while redirecting to hostname : m.search.yahoo.com.[39m
[31m
System : There was an error while redirecting to hostname : m.search.yahoo.com.[39m
[31m
System : There was an error while redirecting to hostname : check2.zennolab.com.[39m
[31m
System : There was an error while redirecting to hostname : m.search.yahoo.com.[39m
[31m
System : There was an error while redirecting to hostname : statistics.helllab.org.[39m
[31m
System : There was an error while redirecting to hostname : m.search.yahoo.com.[39m
[31m
System : There was an error while redirecting to hostname : m.search.yahoo.com.[39m
[31m
System : There was an error while redirecting to hostname : steamcommunity.com.[39m
[31m
System : There was an error while redirecting to hostname : steamcommunity.com.[39m
[31m
System : There was an error while redirecting to hostname : dict.baidu.com.[39m
[31m
System : There was an error while redirecting to hostname : m.search.yahoo.com.[39m
[31m
System : There was an error while redirecting to hostname : www.baidu.com.[39m
[31m
System : There was an error while redirecting to hostname : www.ceek.jp.[39m
[31m
System : There was an error while redirecting to hostname : www.so.com.[39m
[31m
System : There was an error while redirecting to hostname : m.search.yahoo.com.[39m
[31m
System : There was an error while redirecting to hostname : m.search.yahoo.com.[39m
[31m
System : There was an error while redirecting to hostname : www.vip.com.[39m
[31m
System : There was an error while redirecting to hostname : www.msftncsi.com.[39m
[31m
System : There was an error while redirecting to hostname : static.doubleclick.net.[39m
[31m
System : There was an error while redirecting to hostname : wooplay.com.[39m
[31m
System : There was an error while redirecting to hostname : m.search.yahoo.com.[39m
[31m
System : There was an error while redirecting to hostname : m.search.yahoo.com.[39m
[31m
System : There was an error while redirecting to hostname : m.search.yahoo.com.[39m
[31m
System : There was an error while redirecting to hostname : m.search.yahoo.com.[39m
[31m
System : There was an error while redirecting to hostname : www.vip.com.[39m
[31m
System : There was an error while redirecting to hostname : m.search.yahoo.com.[39m
[31m
System : There was an error while redirecting to hostname : m.search.yahoo.com.[39m
[31m
System : There was an error while redirecting to hostname : static.doubleclick.net.[39m
[31m
System : There was an error while redirecting to hostname : awesomecrawler.bid.[39m
[31m
System : There was an error while redirecting to hostname : 163.172.174.78.[39m
[31m
System : There was an error while redirecting to hostname : m.search.yahoo.com.[39m
[31m
System : There was an error while redirecting to hostname : chekfast.zennolab.com.[39m
[31m
System : There was an error while redirecting to hostname : m.search.yahoo.com.[39m
[31m
System : There was an error while redirecting to hostname : m.search.yahoo.com.[39m
[31m
System : There was an error while redirecting to hostname : m.search.yahoo.com.[39m
[31m
System : There was an error while redirecting to hostname : m.search.yahoo.com.[39m
[31m
System : There was an error while redirecting to hostname : m.search.yahoo.com.[39m
[31m
System : There was an error while redirecting to hostname : m.search.yahoo.com.[39m
[31m
System : There was an error while redirecting to hostname : vps28680.vps.ovh.ca.[39m
[31m
System : There was an error while redirecting to hostname : dict.baidu.com.[39m
[31m
System : There was an error while redirecting to hostname : m.search.yahoo.com.[39m
[31m
System : There was an error while redirecting to hostname : www.vip.com.[39m
[31m
System : There was an error while redirecting to hostname : www.google.com.[39m
[31m
System : There was an error while redirecting to hostname : jau31-3-82-239-21-245.fbx.proxad.net.[39m
[31m
System : There was an error while redirecting to hostname : ad.linksynergy.com.[39m
[31m
System : There was an error while redirecting to hostname : 163.172.174.78.[39m
[31m
System : There was an error while redirecting to hostname : m.search.yahoo.com.[39m
[31m
System : There was an error while redirecting to hostname : m.search.yahoo.com.[39m
[31m
System : There was an error while redirecting to hostname : www.msftncsi.com.[39m
[31m
System : There was an error while redirecting to hostname : m.search.yahoo.com.[39m
[31m
System : There was an error while redirecting to hostname : m.search.yahoo.com.[39m
[31m
System : There was an error while redirecting to hostname : www.fakemyip.info.[39m
[31m
System : There was an error while redirecting to hostname : m.search.yahoo.com.[39m
[31m
System : There was an error while redirecting to hostname : m.search.yahoo.com.[39m
[31m
System : There was an error while redirecting to hostname : www.vip.com.[39m
[31m
System : There was an error while redirecting to hostname : chek.zennolab.com.[39m
[31m
System : There was an error while redirecting to hostname : m.search.yahoo.com.[39m
[31m
System : There was an error while redirecting to hostname : test.futbolistapp.com.[39m
[31m
System : There was an error while redirecting to hostname : www.bing.com.[39m
[31m
System : There was an error while redirecting to hostname : m.search.yahoo.com.[39m
[31m
System : There was an error while redirecting to hostname : i.instagram.com.[39m
[31m
System : There was an error while redirecting to hostname : i.instagram.com.[39m
[31m
System : There was an error while redirecting to hostname : static.doubleclick.net.[39m
[31m
System : There was an error while redirecting to hostname : check2.zennolab.com.[39m
[31m
System : There was an error while redirecting to hostname : m.search.yahoo.com.[39m
[31m
System : There was an error while redirecting to hostname : www.vip.com.[39m
[31m
System : There was an error while redirecting to hostname : static.doubleclick.net.[39m
[31m
System : There was an error while redirecting to hostname : dict.baidu.com.[39m
[31m
System : There was an error while redirecting to hostname : statistics.helllab.org.[39m
[31m
System : There was an error while redirecting to hostname : www.baidu.com.[39m
[31m
System : There was an error while redirecting to hostname : www.so.com.[39m
[31m
System : There was an error while redirecting to hostname : www.ceek.jp.[39m
[31m
System : There was an error while redirecting to hostname : m.search.yahoo.com.[39m
[31m
System : There was an error while redirecting to hostname : m.search.yahoo.com.[39m
[31m
System : There was an error while redirecting to hostname : get.clpw.ru.[39m
[31m
System : There was an error while redirecting to hostname : www.vip.com.[39m
[31m
System : There was an error while redirecting to hostname : grab.uprp.pl.[39m
[31m
System : There was an error while redirecting to hostname : m.search.yahoo.com.[39m
[31m
System : There was an error while redirecting to hostname : sberbank-ast.ru.[39m
[31m
System : There was an error while redirecting to hostname : sberbank-ast.ru.[39m
[31m
System : There was an error while redirecting to hostname : sberbank-ast.ru.[39m
[31m
System : There was an error while redirecting to hostname : sberbank-ast.ru.[39m
[31m
System : There was an error while redirecting to hostname : sberbank-ast.ru.[39m
[31m
System : There was an error while redirecting to hostname : m.search.yahoo.com.[39m
[31m
System : There was an error while redirecting to hostname : test.66a.me.[39m
[31m
System : There was an error while redirecting to hostname : 82.239.21.245.[39m
[31m
System : There was an error while redirecting to hostname : steamcommunity.com.[39m
[31m
System : There was an error while redirecting to hostname : steamcommunity.com.[39m
[31m
System : There was an error while redirecting to hostname : m.search.yahoo.com.[39m
[31m
System : There was an error while redirecting to hostname : static.doubleclick.net.[39m
[31m
System : There was an error while redirecting to hostname : m.search.yahoo.com.[39m
[31m
System : There was an error while redirecting to hostname : chek.zennolab.com.[39m
[31m
System : There was an error while redirecting to hostname : check2.zennolab.com.[39m
[31m
System : There was an error while redirecting to hostname : www.vip.com.[39m
[31m
System : There was an error while redirecting to hostname : chekfast.zennolab.com.[39m
[31m
System : There was an error while redirecting to hostname : static.doubleclick.net.[39m
[31m
System : There was an error while redirecting to hostname : 163.172.174.78.[39m
[31m
System : There was an error while redirecting to hostname : m.search.yahoo.com.[39m
[31m
System : There was an error while redirecting to hostname : m.search.yahoo.com.[39m
[31m
System : There was an error while redirecting to hostname : static.doubleclick.net.[39m
[31m
System : There was an error while redirecting to hostname : m.search.yahoo.com.[39m
[31m
System : There was an error while redirecting to hostname : www.vip.com.[39m
[31m
System : There was an error while redirecting to hostname : dict.baidu.com.[39m
[31m
System : There was an error while redirecting to hostname : statistics.helllab.org.[39m
[31m
System : There was an error while redirecting to hostname : www.msftncsi.com.[39m
[31m
System : There was an error while redirecting to hostname : 163.172.72.31.[39m
[31m
System : There was an error while redirecting to hostname : www.baidu.com.[39m
[31m
System : There was an error while redirecting to hostname : static.doubleclick.net.[39m
[31m
System : There was an error while redirecting to hostname : 82.239.21.245.[39m
[31m
System : There was an error while redirecting to hostname : 82.239.21.245.[39m
[31m
System : There was an error while redirecting to hostname : 82.239.21.245.[39m
[31m
System : There was an error while redirecting to hostname : 82.239.21.245.[39m
[31m
System : There was an error while redirecting to hostname : 82.239.21.245.[39m
[31m
System : There was an error while redirecting to hostname : 185.46.84.250.[39m
[31m
System : There was an error while redirecting to hostname : www.vip.com.[39m
[31m
System : There was an error while redirecting to hostname : i.instagram.com.[39m
[31m
System : There was an error while redirecting to hostname : i.instagram.com.[39m
[31m
System : There was an error while redirecting to hostname : www.bing.com.[39m
[31m
System : There was an error while redirecting to hostname : ya.ru.[39m
[31m
System : There was an error while redirecting to hostname : ocsp.int-x3.letsencrypt.org.[39m
[31m
System : There was an error while redirecting to hostname : ocsp.pki.goog.[39m
[31m
System : There was an error while redirecting to hostname : ocsp.pki.goog.[39m
[31m
System : There was an error while redirecting to hostname : ocsp.pki.goog.[39m
[31m
System : There was an error while redirecting to hostname : ocsp.pki.goog.[39m
[31m
System : There was an error while redirecting to hostname : ocsp.comodoca.com.[39m
[31m
System : There was an error while redirecting to hostname : demo.wpcharming.com.[39m
[31m
System : There was an error while redirecting to hostname : ocsp.pki.goog.[39m
[31m
System : There was an error while redirecting to hostname : clients1.google.com.[39m
[31m
System : There was an error while redirecting to hostname : clients1.google.com.[39m
[31m
System : There was an error while redirecting to hostname : ocsp.int-x3.letsencrypt.org.[39m
[31m
System : There was an error while redirecting to hostname : gp.symcd.com.[39m
[31m
System : There was an error while redirecting to hostname : gp.symcd.com.[39m
[31m
System : There was an error while redirecting to hostname : ocsp.digicert.com.[39m
[31m
System : There was an error while redirecting to hostname : ocsp.godaddy.com.[39m
[31m
System : There was an error while redirecting to hostname : ocsp.comodoca.com.[39m
[31m
System : There was an error while redirecting to hostname : ocsp.starfieldtech.com.[39m
[31m
System : There was an error while redirecting to hostname : ocsp.godaddy.com.[39m
[31m
System : There was an error while redirecting to hostname : ocsp.digicert.com.[39m
[31m
System : There was an error while redirecting to hostname : ocsp.comodoca.com.[39m
[31m
System : There was an error while redirecting to hostname : ocsp.pki.goog.[39m
[31m
System : There was an error while redirecting to hostname : ocsp.trustwave.com.[39m
[31m
System : There was an error while redirecting to hostname : ocsp.comodoca.com.[39m
[31m
System : There was an error while redirecting to hostname : ocsp.digicert.com.[39m
[31m
System : There was an error while redirecting to hostname : ocsp.digicert.com.[39m
[31m
System : There was an error while redirecting to hostname : m.search.yahoo.com.[39m
[31m
System : There was an error while redirecting to hostname : m.search.yahoo.com.[39m
[31m
System : There was an error while redirecting to hostname : m.search.yahoo.com.[39m
[31m
System : There was an error while redirecting to hostname : awesomecrawler.bid.[39m
[31m
System : There was an error while redirecting to hostname : www.vip.com.[39m
[31m
System : There was an error while redirecting to hostname : m.search.yahoo.com.[39m
[31m
System : There was an error while redirecting to hostname : m.search.yahoo.com.[39m
[31m
System : There was an error while redirecting to hostname : dict.baidu.com.[39m
[31m
System : There was an error while redirecting to hostname : .[39m
[31m
System : There was an error while redirecting to hostname : m.search.yahoo.com.[39m
[31m
System : There was an error while redirecting to hostname : chek.zennolab.com.[39m
[31m
System : There was an error while redirecting to hostname : www.vip.com.[39m
[31m
System : There was an error while redirecting to hostname : statistics.helllab.org.[39m
[31m
System : There was an error while redirecting to hostname : chek.zennolab.com.[39m
[31m
System : There was an error while redirecting to hostname : static.doubleclick.net.[39m
[31m
System : There was an error while redirecting to hostname : m.search.yahoo.com.[39m
[31m
System : There was an error while redirecting to hostname : chekfast.zennolab.com.[39m
[31m
System : There was an error while redirecting to hostname : m.search.yahoo.com.[39m
[31m
System : There was an error while redirecting to hostname : m.search.yahoo.com.[39m
[31m
System : There was an error while redirecting to hostname : m.search.yahoo.com.[39m
[31m
System : There was an error while redirecting to hostname : m.search.yahoo.com.[39m
[31m
System : There was an error while redirecting to hostname : yqms3.yqzbw.com.[39m
[31m
System : There was an error while redirecting to hostname : chekfast.zennolab.com.[39m
[31m
System : There was an error while redirecting to hostname : chekfast.zennolab.com.[39m
[31m
System : There was an error while redirecting to hostname : .[39m
[31m
System : There was an error while redirecting to hostname : .[39m
[31m
System : There was an error while redirecting to hostname : .[39m
[31m
System : There was an error while redirecting to hostname : .[39m
[31m
System : There was an error while redirecting to hostname : .[39m
[31m
System : There was an error while redirecting to hostname : www.vip.com.[39m
[31m
System : There was an error while redirecting to hostname : m.search.yahoo.com.[39m
[31m
System : There was an error while redirecting to hostname : m.search.yahoo.com.[39m
[31m
System : There was an error while redirecting to hostname : chekfast.zennolab.com.[39m
[31m
System : There was an error while redirecting to hostname : chek.zennolab.com.[39m
[31m
System : There was an error while redirecting to hostname : m.search.yahoo.com.[39m
[31m
System : There was an error while redirecting to hostname : m.search.yahoo.com.[39m
[31m
System : There was an error while redirecting to hostname : m.search.yahoo.com.[39m
[31m
System : There was an error while redirecting to hostname : static.doubleclick.net.[39m
[31m
System : There was an error while redirecting to hostname : steamcommunity.com.[39m
[31m
System : There was an error while redirecting to hostname : steamcommunity.com.[39m
[31m
System : There was an error while redirecting to hostname : dict.baidu.com.[39m
[31m
System : There was an error while redirecting to hostname : m.search.yahoo.com.[39m
[31m
System : There was an error while redirecting to hostname : m.search.yahoo.com.[39m
[31m
System : There was an error while redirecting to hostname : www.baidu.com.[39m
[31m
System : There was an error while redirecting to hostname : 82.239.21.245.[39m
[31m
System : There was an error while redirecting to hostname : 82.239.21.245.[39m
[31m
System : There was an error while redirecting to hostname : www.vip.com.[39m
[31m
System : There was an error while redirecting to hostname : static.doubleclick.net.[39m
[31m
System : There was an error while redirecting to hostname : m.search.yahoo.com.[39m
[31m
System : There was an error while redirecting to hostname : m.search.yahoo.com.[39m
[31m
System : There was an error while redirecting to hostname : m.search.yahoo.com.[39m
[31m
System : There was an error while redirecting to hostname : m.search.yahoo.com.[39m
[31m
System : There was an error while redirecting to hostname : 82.239.21.245.[39m
[31m
System : There was an error while redirecting to hostname : www.msftncsi.com.[39m
[31m
System : There was an error while redirecting to hostname : www.bing.com.[39m
[31m
System : There was an error while redirecting to hostname : www.bing.com.[39m
[31m
System : There was an error while redirecting to hostname : www.vip.com.[39m
[31m
System : There was an error while redirecting to hostname : static.doubleclick.net.[39m
[31m
System : There was an error while redirecting to hostname : wooplay.com.[39m
[31m
System : There was an error while redirecting to hostname : sberbank-ast.ru.[39m
[31m
System : There was an error while redirecting to hostname : sberbank-ast.ru.[39m
[31m
System : There was an error while redirecting to hostname : sberbank-ast.ru.[39m
[31m
System : There was an error while redirecting to hostname : sberbank-ast.ru.[39m
[31m
System : There was an error while redirecting to hostname : sberbank-ast.ru.[39m
[31m
System : There was an error while redirecting to hostname : m.search.yahoo.com.[39m
[31m
System : There was an error while redirecting to hostname : dict.baidu.com.[39m
[31m
System : There was an error while redirecting to hostname : www.bing.com.[39m
[31m
System : There was an error while redirecting to hostname : m.search.yahoo.com.[39m
[31m
System : There was an error while redirecting to hostname : www.vip.com.[39m
[31m
System : There was an error while redirecting to hostname : statistics.helllab.org.[39m
=
[35mGoogle Home : Connected to Pratos' databases.[39m
[31m
System : There was an error while redirecting to hostname : check2.zennolab.com.[39m
[31m
System : There was an error while redirecting to hostname : 163.172.72.31.[39m
[31m
System : There was an error while redirecting to hostname : chekfast.zennolab.com.[39m
[31m
System : There was an error while redirecting to hostname : chekfast.zennolab.com.[39m
[31m
System : There was an error while redirecting to hostname : m.search.yahoo.com.[39m
[31m
System : There was an error while redirecting to hostname : static.doubleclick.net.[39m
[31m
System : There was an error while redirecting to hostname : www.vip.com.[39m
[31m
System : There was an error while redirecting to hostname : iplookup.flashfxp.com.[39m
[31m
System : There was an error while redirecting to hostname : steamcommunity.com.[39m
[31m
System : There was an error while redirecting to hostname : get.clpw.ru.[39m
[31m
System : There was an error while redirecting to hostname : www.baidu.com.[39m
[31m
System : There was an error while redirecting to hostname : www.baidu.com.[39m
[31m
System : There was an error while redirecting to hostname : www.so.com.[39m
[31m
System : There was an error while redirecting to hostname : www.so.com.[39m
[31m
System : There was an error while redirecting to hostname : www.gigablast.com.[39m
[31m
System : There was an error while redirecting to hostname : www.gigablast.com.[39m
[31m
System : There was an error while redirecting to hostname : www.baidu.com.[39m
[31m
System : There was an error while redirecting to hostname : www.so.com.[39m
[31m
System : There was an error while redirecting to hostname : www.gigablast.com.[39m
[31m
System : There was an error while redirecting to hostname : www.baidu.com.[39m
[31m
System : There was an error while redirecting to hostname : www.so.com.[39m
[31m
System : There was an error while redirecting to hostname : www.gigablast.com.[39m
[31m
System : There was an error while redirecting to hostname : www.baidu.com.[39m
[31m
System : There was an error while redirecting to hostname : www.so.com.[39m
[31m
System : There was an error while redirecting to hostname : www.gigablast.com.[39m
[31m
System : There was an error while redirecting to hostname : 82.239.21.245.[39m
errl63accessories
[32mSystem : Pratos is starting, please wait.

If you have troubles with Pratos, any bug, feel free to contact the owner or its father, zCrin.[39m
[32m
System : Connected to Pratos' database.[39m
[34m
System : HTTP server started on port : 3003[39m
[34m
System : Socket server is starting.[39m
[34m
System : HTTPS server started on port : 443[39m
[35m
Weather Plugin : Connected to Pratos' databases.[39m
[33m
Error (normal): init connection failed allowing new connections[39m
[31m
System : There was an error while redirecting to hostname : www.vip.com.[39m
[31m
System : There was an error while redirecting to hostname : m.search.yahoo.com.[39m
[31m
System : There was an error while redirecting to hostname : m.search.yahoo.com.[39m
[31m
System : There was an error while redirecting to hostname : m.search.yahoo.com.[39m
[31m
System : There was an error while redirecting to hostname : m.search.yahoo.com.[39m
[31m
System : There was an error while redirecting to hostname : dict.baidu.com.[39m
[31m
System : There was an error while redirecting to hostname : m.search.yahoo.com.[39m
[31m
System : There was an error while redirecting to hostname : chekfast.zennolab.com.[39m
[31m
System : There was an error while redirecting to hostname : work.a-poster.info.[39m
[31m
System : There was an error while redirecting to hostname : www.vip.com.[39m
[31m
System : There was an error while redirecting to hostname : www.bycontext.com.[39m
[31m
System : There was an error while redirecting to hostname : static.doubleclick.net.[39m
[31m
System : There was an error while redirecting to hostname : static.doubleclick.net.[39m
