[2018-03-19 23:08:28] [Lampe Antoine] Getting power state
[2018-03-19 23:08:28] [Projecteur] Getting power state
[2018-03-19 23:08:39] [Lampe Antoine] Setting power state to on
[2018-03-19 23:08:39] [Lampe Antoine] HTTP set power function succeeded!
[2018-03-19 23:08:39] [Lampe Antoine] Getting power state
[2018-03-19 23:08:40] [Projecteur] Getting power state
[2018-03-19 23:08:40] [Lampe Antoine] Getting power state
[2018-03-19 23:08:40] [Projecteur] Getting power state
[2018-03-19 23:08:40] [Temperature Raspberry] Requesting temperature on "https://pratos.ga/pratos_temperature", method GET
[2018-03-19 23:08:40] [Temperature Raspberry] Requesting temperature on "https://pratos.ga/pratos_temperature", method GET
[2018-03-19 23:08:40] [Temperature Raspberry] HTTP successful response: { "temperature": 46.7
}
[2018-03-19 23:08:40] [Temperature Raspberry] HTTP successful response: { "temperature": 47.2
}
[2018-03-19 23:08:48] [Lampe Antoine] Setting power state to on
[2018-03-19 23:08:48] [Lampe Antoine] HTTP set power function succeeded!
[2018-03-19 23:08:48] [Lampe Antoine] Getting power state
[2018-03-19 23:08:48] [Lampe Antoine] Getting power state
[2018-03-19 23:08:48] [Projecteur] Getting power state
[2018-03-19 23:08:48] [Projecteur] Getting power state
[2018-03-19 23:08:48] [Temperature Raspberry] Requesting temperature on "https://pratos.ga/pratos_temperature", method GET
[2018-03-19 23:08:48] [Temperature Raspberry] Requesting temperature on "https://pratos.ga/pratos_temperature", method GET
[2018-03-19 23:08:48] [Temperature Raspberry] HTTP successful response: { "temperature": 47.2
}
[2018-03-19 23:08:48] [Temperature Raspberry] HTTP successful response: { "temperature": 47.2
}
[2018-03-19 23:08:58] [Lampe Antoine] Getting power state
[2018-03-19 23:08:59] [Projecteur] Getting power state
[2018-03-19 23:08:59] [Temperature Raspberry] Requesting temperature on "https://pratos.ga/pratos_temperature", method GET
[2018-03-19 23:08:59] [Temperature Raspberry] HTTP successful response: { "temperature": 45.1
}
[2018-03-19 23:09:31] [Projecteur] HTTP get power function failed: socket hang up
